<?xml version="1.0" encoding="UTF-8"?>
<testng-results ignored="0" total="1" passed="1" failed="0" skipped="0">
  <reporter-output>
  </reporter-output>
  <suite started-at="2020-06-05T18:32:40 MSK" name="Email testng example" finished-at="2020-06-05T18:32:50 MSK" duration-ms="10233">
    <groups>
    </groups>
    <test started-at="2020-06-05T18:32:40 MSK" name="Authorization" finished-at="2020-06-05T18:32:50 MSK" duration-ms="10233">
      <class name="vk.VkLogin">
        <test-method is-config="true" signature="prepData()[pri:0, instance:vk.VkLogin@5ad10c1a]" started-at="2020-06-05T18:32:40 MSK" name="prepData" finished-at="2020-06-05T18:32:40 MSK" duration-ms="4" status="PASS">
          <reporter-output>
          </reporter-output>
        </test-method> <!-- prepData -->
        <test-method signature="loginVkTest()[pri:0, instance:vk.VkLogin@5ad10c1a]" started-at="2020-06-05T18:32:40 MSK" name="loginVkTest" finished-at="2020-06-05T18:32:49 MSK" duration-ms="9551" status="PASS">
          <reporter-output>
          </reporter-output>
        </test-method> <!-- loginVkTest -->
        <test-method is-config="true" signature="tearDown()[pri:0, instance:vk.VkLogin@5ad10c1a]" started-at="2020-06-05T18:32:49 MSK" name="tearDown" finished-at="2020-06-05T18:32:50 MSK" duration-ms="656" status="PASS">
          <reporter-output>
          </reporter-output>
        </test-method> <!-- tearDown -->
      </class> <!-- vk.VkLogin -->
    </test> <!-- Authorization -->
  </suite> <!-- Email testng example -->
</testng-results>
